Using pre-set license
Built from '2020.3/staging' branch; Version is '2020.3.0f1 (c7b5465681fb) revision 13088070'; Using compiler version '192528614'; Build Type 'Release'
OS: 'Windows 10 Home; OS build 19042.928; Version 2009; 64bit' Language: 'de' Physical Memory: 16115 MB
BatchMode: 1, IsHumanControllingUs: 0, StartBugReporterOnCrash: 0, Is64bit: 1, IsPro: 0

 COMMAND LINE ARGUMENTS:
C:\Program Files\2020.3.0f1\Editor\Unity.exe
-adb2
-batchMode
-noUpm
-name
AssetImportWorker0
-projectPath
C:/Users/katja/Documents/FH_Hagenberg/Semester_02/Semesterprojekt/Git/Project2_IM590
-logFile
Logs/AssetImportWorker0.log
-srvPort
51988
Successfully changed project path to: C:/Users/katja/Documents/FH_Hagenberg/Semester_02/Semesterprojekt/Git/Project2_IM590
C:/Users/katja/Documents/FH_Hagenberg/Semester_02/Semesterprojekt/Git/Project2_IM590
Using Asset Import Pipeline V2.
Refreshing native plugins compatible for Editor in 24.50 ms, found 0 plugins.
Preloading 0 native plugins for Editor in 0.00 ms.
Initialize engine version: 2020.3.0f1 (c7b5465681fb)
[Subsystems] Discovering subsystems at path C:/Program Files/2020.3.0f1/Editor/Data/Resources/UnitySubsystems
[Subsystems] Discovering subsystems at path C:/Users/katja/Documents/FH_Hagenberg/Semester_02/Semesterprojekt/Git/Project2_IM590/Assets
GfxDevice: creating device client; threaded=0
Direct3D:
    Version:  Direct3D 11.0 [level 11.1]
    Renderer: NVIDIA GeForce GTX 1050 Ti with Max-Q Design (ID=0x1c8c)
    Vendor:   
    VRAM:     4021 MB
    Driver:   27.21.14.6109
Initialize mono
Mono path[0] = 'C:/Program Files/2020.3.0f1/Editor/Data/Managed'
Mono path[1] = 'C:/Program Files/2020.3.0f1/Editor/Data/MonoBleedingEdge/lib/mono/unityjit'
Mono config path = 'C:/Program Files/2020.3.0f1/Editor/Data/MonoBleedingEdge/etc'
Using monoOptions --debugger-agent=transport=dt_socket,embedding=1,server=y,suspend=n,address=127.0.0.1:56884
Begin MonoManager ReloadAssembly
Registering precompiled unity dll's ...
Register platform support module: C:/Program Files/2020.3.0f1/Editor/Data/PlaybackEngines/WindowsStandaloneSupport/UnityEditor.WindowsStandalone.Extensions.dll
Registered in 0.002096 seconds.
Native extension for WindowsStandalone target not found
Refreshing native plugins compatible for Editor in 21.73 ms, found 0 plugins.
Preloading 0 native plugins for Editor in 0.00 ms.
Invoked RoslynAnalysisRunner static constructor.
RoslynAnalysisRunner will not be running.
RoslynAnalysisRunner has terminated.
Mono: successfully reloaded assembly
- Completed reload, in  0.950 seconds
Platform modules already initialized, skipping
Registering precompiled user dll's ...
Registered in 0.000671 seconds.
Begin MonoManager ReloadAssembly
Native extension for WindowsStandalone target not found
Refreshing native plugins compatible for Editor in 0.21 ms, found 0 plugins.
Preloading 0 native plugins for Editor in 0.00 ms.
Invoked RoslynAnalysisRunner static constructor.
RoslynAnalysisRunner will not be running.
RoslynAnalysisRunner has terminated.
Mono: successfully reloaded assembly
- Completed reload, in  0.802 seconds
Platform modules already initialized, skipping
========================================================================
Worker process is ready to serve import requests
Launched and connected shader compiler UnityShaderCompiler.exe after 0.05 seconds
Refreshing native plugins compatible for Editor in 0.18 ms, found 0 plugins.
Preloading 0 native plugins for Editor in 0.00 ms.
Unloading 1117 Unused Serialized files (Serialized files now loaded: 0)
System memory in use before: 58.2 MB.
System memory in use after: 58.2 MB.

Unloading 10 unused Assets to reduce memory usage. Loaded Objects now: 1562.
Total: 1.810600 ms (FindLiveObjects: 0.125700 ms CreateObjectMapping: 0.037800 ms MarkObjects: 1.567700 ms  DeleteObjects: 0.078300 ms)

========================================================================
Received Import Request.
  path: Assets/Scenes/TestSceneFlowfield.unity
  artifactKey: Guid(1bfe199a11576c74b8118f12b6543209) Importer(815301076,1909f56bfc062723c751e8b465ee728b)
Start importing Assets/Scenes/TestSceneFlowfield.unity using Guid(1bfe199a11576c74b8118f12b6543209) Importer(815301076,1909f56bfc062723c751e8b465ee728b)  -> (artifact id: 'e501dd0bbffd6847f35953e286ea931a') in 0.014961 seconds
  Import took 0.016754 seconds .

========================================================================
Received Prepare
Registering precompiled user dll's ...
Registered in 0.000577 seconds.
Begin MonoManager ReloadAssembly
Native extension for WindowsStandalone target not found
Refreshing native plugins compatible for Editor in 0.21 ms, found 0 plugins.
Preloading 0 native plugins for Editor in 0.00 ms.
Invoked RoslynAnalysisRunner static constructor.
RoslynAnalysisRunner will not be running.
RoslynAnalysisRunner has terminated.
Mono: successfully reloaded assembly
- Completed reload, in  0.871 seconds
Platform modules already initialized, skipping
Refreshing native plugins compatible for Editor in 0.37 ms, found 0 plugins.
Preloading 0 native plugins for Editor in 0.00 ms.
Unloading 1110 Unused Serialized files (Serialized files now loaded: 0)
System memory in use before: 58.0 MB.
System memory in use after: 58.0 MB.

Unloading 5 unused Assets to reduce memory usage. Loaded Objects now: 1565.
Total: 3.087100 ms (FindLiveObjects: 0.260800 ms CreateObjectMapping: 0.088900 ms MarkObjects: 2.649800 ms  DeleteObjects: 0.086000 ms)

========================================================================
Received Import Request.
  Time since last request: 136.236232 seconds.
  path: Assets/Scenes/TestSceneFlowfield.unity
  artifactKey: Guid(1bfe199a11576c74b8118f12b6543209) Importer(815301076,1909f56bfc062723c751e8b465ee728b)
Start importing Assets/Scenes/TestSceneFlowfield.unity using Guid(1bfe199a11576c74b8118f12b6543209) Importer(815301076,1909f56bfc062723c751e8b465ee728b)  -> (artifact id: '29857e134e8f28d66661b9f9ad07ae86') in 0.012237 seconds
  Import took 0.014249 seconds .

========================================================================
Received Import Request.
  Time since last request: 0.003276 seconds.
  path: Assets/Scenes/TestSceneFlowfield.unity
  artifactKey: Guid(1bfe199a11576c74b8118f12b6543209) Importer(815301076,1909f56bfc062723c751e8b465ee728b)
Start importing Assets/Scenes/TestSceneFlowfield.unity using Guid(1bfe199a11576c74b8118f12b6543209) Importer(815301076,1909f56bfc062723c751e8b465ee728b)  -> (artifact id: '29857e134e8f28d66661b9f9ad07ae86') in 0.004072 seconds
  Import took 0.006661 seconds .

